<?xml version="1.0" encoding="UTF-8"?>
<!-- Generated by org.testng.reporters.JUnitXMLReporter -->
<testsuite hostname="DESKTOP-O5A6HHP" ignored="0" name="Surefire test" tests="6" failures="0" timestamp="2022-01-25T19:17:23 IST" time="4.745" errors="0">
  <testcase name="ShouldBeAbleToCreatePlaylist1" time="4.401" classname="com.spotify.oauth2.tests.PlaylistTests"/>
  <testcase name="ShouldBeAbleToCreatePlaylist1" time="4.67" classname="com.spotify.oauth2.tests.PlaylistCheckTests"/>
  <testcase name="ShouldBeAbleToCreatePlaylist2" time="4.67" classname="com.spotify.oauth2.tests.PlaylistCheckTests"/>
  <testcase name="ShouldBeAbleToCreatePlaylist" time="4.4" classname="com.spotify.oauth2.tests.PlaylistTests"/>
  <testcase name="ShouldBeAbleToCreatePlaylist2" time="4.401" classname="com.spotify.oauth2.tests.PlaylistTests"/>
  <testcase name="ShouldBeAbleToCreatePlaylist" time="4.669" classname="com.spotify.oauth2.tests.PlaylistCheckTests"/>
</testsuite> <!-- Surefire test -->
