<?xml version="1.0" encoding="UTF-8"?>
<testsuite xmlns:xsi="http://www.w3.org/2001/XMLSchema-instance" xsi:noNamespaceSchemaLocation="https://maven.apache.org/surefire/maven-surefire-plugin/xsd/surefire-test-report-3.0.xsd" version="3.0" name="TestSuite" time="5.611" tests="6" errors="0" skipped="0" failures="0">
  <properties>
[...]
</properties>
  <testcase name="ShouldBeAbleToCreatePlaylist" classname="com.spotify.oauth2.tests.PlaylistTests" time="4.429">
    <system-out><![CDATA[Starting Test: ShouldBeAbleToCreatePlaylist2
Starting Test: ShouldBeAbleToCreatePlaylist1
Thread Id is: 19
Thread Id is: 18
Starting Test: ShouldBeAbleToCreatePlaylist
Thread Id is: 17
RENEWING TOKEN.....
Request method:	POST
Request URI:	https://accounts.spotify.com/api/token
Proxy:			<none>
Request params:	<none>
Query params:	<none>
Form params:	refresh_token=AQD-zDpiXhGOFVdeYICq3u3O2deDuyYWOIQbZO-SrJpTo1gZg8hzj62Q3-dzOPcXb_xgTg0WyTwA-ZLMd9yrsHvcyp33B341Cpsl9KUPJn4GfUGW11rXZ-aSRM2S_VxZPZk
				grant_type=refresh_token
				client_secret=8c177ce92f4f40e38f7e67e464a6dd2f
				client_id=7e7a366cdf48437cbce17b330a77874e
Path params:	<none>
Headers:		Accept=*/*
				Content-Type=application/x-www-form-urlencoded; charset=ISO-8859-1
Cookies:		<none>
Multiparts:		<none>
Body:			<none>
HTTP/1.1 200 OK
date: Tue, 25 Jan 2022 13:47:19 GMT
content-type: application/json
vary: Accept-Encoding
set-cookie: __Host-device_id=AQDK9aKo4N7XNXhKSw35ZyxX7cM7rU86FbIoeZ-rKXnBwaUKDmg1fktUvs-f8ADF5Rfz0HTb6GsdNkGsZ_h72EFzhzOTF7resdg;Version=1;Path=/;Max-Age=2147483647;Secure;HttpOnly;SameSite=Lax
set-cookie: sp_tr=false;Version=1;Domain=accounts.spotify.com;Path=/;Secure;SameSite=Lax
sp-trace-id: 2790eba01c15d4e7
content-encoding: gzip
strict-transport-security: max-age=31536000
x-content-type-options: nosniff
server: envoy
Via: HTTP/2 edgeproxy, 1.1 google
Alt-Svc: clear
Transfer-Encoding: chunked

{
    "access_token": "BQCb9F4WHyxXpzUc-ubYemIclIaiORrGo5gjon6DEnp3VrDg36k6otkVEQkC-IZDMsOXdqphZjVG6pTTwEWoAeOB2yX1EfoCnFR2RrAa3ChiECmJHr3lzTaBsufOF2p6u7nFFMTCZZWcYRjcxgORSSdWprDduEPNMjic29Rzwu0-NOb_A81iB5LrroTele1uUFBwemAkMygx3hOunw4ikqM2Sz75fxYlsAq4CIvmCai0",
    "token_type": "Bearer",
    "expires_in": 3600,
    "scope": "playlist-read-private playlist-read-collaborative playlist-modify-private playlist-modify-public"
}
TOKEN IS GOOD TO USE
TOKEN IS GOOD TO USE
TOKEN IS GOOD TO USE
TOKEN IS GOOD TO USE
TOKEN IS GOOD TO USE
Request method:	POST
Request URI:	https://api.spotify.com/v1/users/zyntzzhi99iy1a6aa6a92o78s/playlists
Proxy:			<none>
Request params:	<none>
Query params:	<none>
Form params:	<none>
Path params:	<none>
Headers:		Accept=*/*
				Content-Type=application/json; charset=UTF-8
Cookies:		<none>
Multiparts:		<none>
Body:
{
    "description": "Description++5wJ_m#o+VN0___PA#+",
    "name": "Playlist-30 M i-t0",
    "public": false
}
Request method:	POST
Request URI:	https://api.spotify.com/v1/users/zyntzzhi99iy1a6aa6a92o78s/playlists
Proxy:			<none>
Request params:	<none>
Query params:	<none>
Form params:	<none>
Path params:	<none>
Headers:		Accept=*/*
				Content-Type=application/json; charset=UTF-8
Cookies:		<none>
Multiparts:		<none>
Body:
{
    "description": "New playlist description",
    "name": "New Playlist MPM",
    "public": false
}
Request method:	POST
Request URI:	https://api.spotify.com/v1/users/zyntzzhi99iy1a6aa6a92o78s/playlists
Proxy:			<none>
Request params:	<none>
Query params:	<none>
Form params:	<none>
Path params:	<none>
Headers:		Accept=*/*
				Content-Type=application/json; charset=UTF-8
Cookies:		<none>
Multiparts:		<none>
Body:
{
    "description": "New playlist description",
    "name": "New Playlist MPM",
    "public": false
}
Request method:	POST
Request URI:	https://api.spotify.com/v1/users/zyntzzhi99iy1a6aa6a92o78s/playlists
Proxy:			<none>
Request params:	<none>
Query params:	<none>
Form params:	<none>
Path params:	<none>
Headers:		Accept=*/*
				Content-Type=application/json; charset=UTF-8
Cookies:		<none>
Multiparts:		<none>
Body:
{
    "description": "Description___&#9#+_#+6&&8&++&&",
    "name": "Playlist_8U -_-A9P",
    "public": false
}
Request method:	POST
Request URI:	https://api.spotify.com/v1/users/zyntzzhi99iy1a6aa6a92o78s/playlists
Proxy:			<none>
Request params:	<none>
Query params:	<none>
Form params:	<none>
Path params:	<none>
Headers:		Accept=*/*
				Content-Type=application/json; charset=UTF-8
Cookies:		<none>
Multiparts:		<none>
Body:
{
    "description": "New playlist description",
    "name": "New Playlist MPM",
    "public": false
}
Request method:	POST
Request URI:	https://api.spotify.com/v1/users/zyntzzhi99iy1a6aa6a92o78s/playlists
Proxy:			<none>
Request params:	<none>
Query params:	<none>
Form params:	<none>
Path params:	<none>
Headers:		Accept=*/*
				Content-Type=application/json; charset=UTF-8
Cookies:		<none>
Multiparts:		<none>
Body:
{
    "description": "Description_&#3+hC#_+a_60#+&+#5",
    "name": "Playlist _8S   0_F",
    "public": false
}
HTTP/1.1 201 Created
content-type: application/json; charset=utf-8
cache-control: private, max-age=0
location: https://api.spotify.com/v1/playlists/40A8kHAKOfbl96QarP58PL
x-robots-tag: noindex, nofollow
access-control-allow-origin: *
access-control-allow-headers: Accept, App-Platform, Authorization, Content-Type, Origin, Retry-After, Spotify-App-Version, X-Cloud-Trace-Context, client-token, content-access-token
access-control-allow-methods: GET, POST, OPTIONS, PUT, DELETE, PATCH
access-control-allow-credentials: true
access-control-max-age: 604800
content-encoding: gzip
strict-transport-security: max-age=31536000
x-content-type-options: nosniff
date: Tue, 25 Jan 2022 13:47:21 GMT
server: envoy
Via: HTTP/2 edgeproxy, 1.1 google
Alt-Svc: clear
Transfer-Encoding: chunked

{
    "collaborative": false,
    "description": "New playlist description",
    "external_urls": {
        "spotify": "https://open.spotify.com/playlist/40A8kHAKOfbl96QarP58PL"
    },
    "followers": {
        "href": null,
        "total": 0
    },
    "href": "https://api.spotify.com/v1/playlists/40A8kHAKOfbl96QarP58PL",
    "id": "40A8kHAKOfbl96QarP58PL",
    "images": [
        
    ],
    "name": "New Playlist MPM",
    "owner": {
        "display_name": "MPM",
        "external_urls": {
            "spotify": "https://open.spotify.com/user/zyntzzhi99iy1a6aa6a92o78s"
        },
        "href": "https://api.spotify.com/v1/users/zyntzzhi99iy1a6aa6a92o78s",
        "id": "zyntzzhi99iy1a6aa6a92o78s",
        "type": "user",
        "uri": "spotify:user:zyntzzhi99iy1a6aa6a92o78s"
    },
    "primary_color": null,
    "public": false,
    "snapshot_id": "MSwyMjE2M2YxOWYxY2I2NzkzNjAxNjYwMjMwOGFkZWExNDBlNGUzOGZj",
    "tracks": {
        "href": "https://api.spotify.com/v1/playlists/40A8kHAKOfbl96QarP58PL/tracks",
        "items": [
            
        ],
        "limit": 100,
        "next": null,
        "offset": 0,
        "previous": null,
        "total": 0
    },
    "type": "playlist",
    "uri": "spotify:playlist:40A8kHAKOfbl96QarP58PL"
}
HTTP/1.1 201 Created
content-type: application/json; charset=utf-8
cache-control: private, max-age=0
location: https://api.spotify.com/v1/playlists/7KB0GMeZ2q47ZWbjlbwZKV
x-robots-tag: noindex, nofollow
access-control-allow-origin: *
access-control-allow-headers: Accept, App-Platform, Authorization, Content-Type, Origin, Retry-After, Spotify-App-Version, X-Cloud-Trace-Context, client-token, content-access-token
access-control-allow-methods: GET, POST, OPTIONS, PUT, DELETE, PATCH
access-control-allow-credentials: true
access-control-max-age: 604800
content-encoding: gzip
strict-transport-security: max-age=31536000
x-content-type-options: nosniff
date: Tue, 25 Jan 2022 13:47:21 GMT
server: envoy
Via: HTTP/2 edgeproxy, 1.1 google
Alt-Svc: clear
Transfer-Encoding: chunked

{
    "collaborative": false,
    "description": "New playlist description",
    "external_urls": {
        "spotify": "https://open.spotify.com/playlist/7KB0GMeZ2q47ZWbjlbwZKV"
    },
    "followers": {
        "href": null,
        "total": 0
    },
    "href": "https://api.spotify.com/v1/playlists/7KB0GMeZ2q47ZWbjlbwZKV",
    "id": "7KB0GMeZ2q47ZWbjlbwZKV",
    "images": [
        
    ],
    "name": "New Playlist MPM",
    "owner": {
        "display_name": "MPM",
        "external_urls": {
            "spotify": "https://open.spotify.com/user/zyntzzhi99iy1a6aa6a92o78s"
        },
        "href": "https://api.spotify.com/v1/users/zyntzzhi99iy1a6aa6a92o78s",
        "id": "zyntzzhi99iy1a6aa6a92o78s",
        "type": "user",
        "uri": "spotify:user:zyntzzhi99iy1a6aa6a92o78s"
    },
    "primary_color": null,
    "public": false,
    "snapshot_id": "MSwwOGQyNTIxMjY1YjY0MjU0ZGRhYWQyY2M0ZTQ4ZjI3Yzk1NTQ5N2M3",
    "tracks": {
        "href": "https://api.spotify.com/v1/playlists/7KB0GMeZ2q47ZWbjlbwZKV/tracks",
        "items": [
            
        ],
        "limit": 100,
        "next": null,
        "offset": 0,
        "previous": null,
        "total": 0
    },
    "type": "playlist",
    "uri": "spotify:playlist:7KB0GMeZ2q47ZWbjlbwZKV"
}
HTTP/1.1 201 Created
content-type: application/json; charset=utf-8
cache-control: private, max-age=0
location: https://api.spotify.com/v1/playlists/5UAeoSCUtyRpcO902awRFs
x-robots-tag: noindex, nofollow
access-control-allow-origin: *
access-control-allow-headers: Accept, App-Platform, Authorization, Content-Type, Origin, Retry-After, Spotify-App-Version, X-Cloud-Trace-Context, client-token, content-access-token
access-control-allow-methods: GET, POST, OPTIONS, PUT, DELETE, PATCH
access-control-allow-credentials: true
access-control-max-age: 604800
content-encoding: gzip
strict-transport-security: max-age=31536000
x-content-type-options: nosniff
date: Tue, 25 Jan 2022 13:47:21 GMT
server: envoy
Via: HTTP/2 edgeproxy, 1.1 google
Alt-Svc: clear
Transfer-Encoding: chunked

{
    "collaborative": false,
    "description": "New playlist description",
    "external_urls": {
        "spotify": "https://open.spotify.com/playlist/5UAeoSCUtyRpcO902awRFs"
    },
    "followers": {
        "href": null,
        "total": 0
    },
    "href": "https://api.spotify.com/v1/playlists/5UAeoSCUtyRpcO902awRFs",
    "id": "5UAeoSCUtyRpcO902awRFs",
    "images": [
        
    ],
    "name": "New Playlist MPM",
    "owner": {
        "display_name": "MPM",
        "external_urls": {
            "spotify": "https://open.spotify.com/user/zyntzzhi99iy1a6aa6a92o78s"
        },
        "href": "https://api.spotify.com/v1/users/zyntzzhi99iy1a6aa6a92o78s",
        "id": "zyntzzhi99iy1a6aa6a92o78s",
        "type": "user",
        "uri": "spotify:user:zyntzzhi99iy1a6aa6a92o78s"
    },
    "primary_color": null,
    "public": false,
    "snapshot_id": "MSwyNTc0YWY1N2JjMjI1YWQyODBkMjQyNmFjY2Q4ZjYzYWJjNWU1YmE2",
    "tracks": {
        "href": "https://api.spotify.com/v1/playlists/5UAeoSCUtyRpcO902awRFs/tracks",
        "items": [
            
        ],
        "limit": 100,
        "next": null,
        "offset": 0,
        "previous": null,
        "total": 0
    },
    "type": "playlist",
    "uri": "spotify:playlist:5UAeoSCUtyRpcO902awRFs"
}
HTTP/1.1 201 Created
content-type: application/json; charset=utf-8
cache-control: private, max-age=0
location: https://api.spotify.com/v1/playlists/06bcVGOxua74GpUYLSdnh8
x-robots-tag: noindex, nofollow
access-control-allow-origin: *
access-control-allow-headers: Accept, App-Platform, Authorization, Content-Type, Origin, Retry-After, Spotify-App-Version, X-Cloud-Trace-Context, client-token, content-access-token
access-control-allow-methods: GET, POST, OPTIONS, PUT, DELETE, PATCH
access-control-allow-credentials: true
access-control-max-age: 604800
content-encoding: gzip
strict-transport-security: max-age=31536000
x-content-type-options: nosniff
date: Tue, 25 Jan 2022 13:47:21 GMT
server: envoy
Via: HTTP/2 edgeproxy, 1.1 google
Alt-Svc: clear
Transfer-Encoding: chunked

{
    "collaborative": false,
    "description": "Description_&#3+hC#_+a_60#+&+#5",
    "external_urls": {
        "spotify": "https://open.spotify.com/playlist/06bcVGOxua74GpUYLSdnh8"
    },
    "followers": {
        "href": null,
        "total": 0
    },
    "href": "https://api.spotify.com/v1/playlists/06bcVGOxua74GpUYLSdnh8",
    "id": "06bcVGOxua74GpUYLSdnh8",
    "images": [
        
    ],
    "name": "Playlist _8S   0_F",
    "owner": {
        "display_name": "MPM",
        "external_urls": {
            "spotify": "https://open.spotify.com/user/zyntzzhi99iy1a6aa6a92o78s"
        },
        "href": "https://api.spotify.com/v1/users/zyntzzhi99iy1a6aa6a92o78s",
        "id": "zyntzzhi99iy1a6aa6a92o78s",
        "type": "user",
        "uri": "spotify:user:zyntzzhi99iy1a6aa6a92o78s"
    },
    "primary_color": null,
    "public": false,
    "snapshot_id": "MSxmODcxZTFkNWMyYzhlNjVmYzBkN2JjMTlkNzgwMDFiNGU4NzA0NTNk",
    "tracks": {
        "href": "https://api.spotify.com/v1/playlists/06bcVGOxua74GpUYLSdnh8/tracks",
        "items": [
            
        ],
        "limit": 100,
        "next": null,
        "offset": 0,
        "previous": null,
        "total": 0
    },
    "type": "playlist",
    "uri": "spotify:playlist:06bcVGOxua74GpUYLSdnh8"
}
HTTP/1.1 201 Created
content-type: application/json; charset=utf-8
cache-control: private, max-age=0
location: https://api.spotify.com/v1/playlists/5gB5rTR05T0sZWNhnFSWgX
x-robots-tag: noindex, nofollow
access-control-allow-origin: *
access-control-allow-headers: Accept, App-Platform, Authorization, Content-Type, Origin, Retry-After, Spotify-App-Version, X-Cloud-Trace-Context, client-token, content-access-token
access-control-allow-methods: GET, POST, OPTIONS, PUT, DELETE, PATCH
access-control-allow-credentials: true
access-control-max-age: 604800
content-encoding: gzip
strict-transport-security: max-age=31536000
x-content-type-options: nosniff
date: Tue, 25 Jan 2022 13:47:21 GMT
server: envoy
Via: HTTP/2 edgeproxy, 1.1 google
Alt-Svc: clear
Transfer-Encoding: chunked

{
    "collaborative": false,
    "description": "Description___&#9#+_#+6&&8&++&&",
    "external_urls": {
        "spotify": "https://open.spotify.com/playlist/5gB5rTR05T0sZWNhnFSWgX"
    },
    "followers": {
        "href": null,
        "total": 0
    },
    "href": "https://api.spotify.com/v1/playlists/5gB5rTR05T0sZWNhnFSWgX",
    "id": "5gB5rTR05T0sZWNhnFSWgX",
    "images": [
        
    ],
    "name": "Playlist_8U -_-A9P",
    "owner": {
        "display_name": "MPM",
        "external_urls": {
            "spotify": "https://open.spotify.com/user/zyntzzhi99iy1a6aa6a92o78s"
        },
        "href": "https://api.spotify.com/v1/users/zyntzzhi99iy1a6aa6a92o78s",
        "id": "zyntzzhi99iy1a6aa6a92o78s",
        "type": "user",
        "uri": "spotify:user:zyntzzhi99iy1a6aa6a92o78s"
    },
    "primary_color": null,
    "public": false,
    "snapshot_id": "MSw0MDU2MmU2MjAzNzlhODQ2ZGUwNjEzZDdhYWFiNTNmYjQ0NGNmOTI0",
    "tracks": {
        "href": "https://api.spotify.com/v1/playlists/5gB5rTR05T0sZWNhnFSWgX/tracks",
        "items": [
            
        ],
        "limit": 100,
        "next": null,
        "offset": 0,
        "previous": null,
        "total": 0
    },
    "type": "playlist",
    "uri": "spotify:playlist:5gB5rTR05T0sZWNhnFSWgX"
}
HTTP/1.1 201 Created
content-type: application/json; charset=utf-8
cache-control: private, max-age=0
location: https://api.spotify.com/v1/playlists/6WXWBoFCKPOm0N7xoZJgZ0
x-robots-tag: noindex, nofollow
access-control-allow-origin: *
access-control-allow-headers: Accept, App-Platform, Authorization, Content-Type, Origin, Retry-After, Spotify-App-Version, X-Cloud-Trace-Context, client-token, content-access-token
access-control-allow-methods: GET, POST, OPTIONS, PUT, DELETE, PATCH
access-control-allow-credentials: true
access-control-max-age: 604800
content-encoding: gzip
strict-transport-security: max-age=31536000
x-content-type-options: nosniff
date: Tue, 25 Jan 2022 13:47:21 GMT
server: envoy
Via: HTTP/2 edgeproxy, 1.1 google
Alt-Svc: clear
Transfer-Encoding: chunked

{
    "collaborative": false,
    "description": "Description++5wJ_m#o+VN0___PA#+",
    "external_urls": {
        "spotify": "https://open.spotify.com/playlist/6WXWBoFCKPOm0N7xoZJgZ0"
    },
    "followers": {
        "href": null,
        "total": 0
    },
    "href": "https://api.spotify.com/v1/playlists/6WXWBoFCKPOm0N7xoZJgZ0",
    "id": "6WXWBoFCKPOm0N7xoZJgZ0",
    "images": [
        
    ],
    "name": "Playlist-30 M i-t0",
    "owner": {
        "display_name": "MPM",
        "external_urls": {
            "spotify": "https://open.spotify.com/user/zyntzzhi99iy1a6aa6a92o78s"
        },
        "href": "https://api.spotify.com/v1/users/zyntzzhi99iy1a6aa6a92o78s",
        "id": "zyntzzhi99iy1a6aa6a92o78s",
        "type": "user",
        "uri": "spotify:user:zyntzzhi99iy1a6aa6a92o78s"
    },
    "primary_color": null,
    "public": false,
    "snapshot_id": "MSxlM2I3ZTBlYWIxNjk5ODU3YzEyOGU4ZTA4NDdiNWU4NTk4ZjE1M2Ni",
    "tracks": {
        "href": "https://api.spotify.com/v1/playlists/6WXWBoFCKPOm0N7xoZJgZ0/tracks",
        "items": [
            
        ],
        "limit": 100,
        "next": null,
        "offset": 0,
        "previous": null,
        "total": 0
    },
    "type": "playlist",
    "uri": "spotify:playlist:6WXWBoFCKPOm0N7xoZJgZ0"
}
]]></system-out>
    <system-err><![CDATA[SLF4J: Failed to load class "org.slf4j.impl.StaticLoggerBinder".
SLF4J: Defaulting to no-operation (NOP) logger implementation
SLF4J: See http://www.slf4j.org/codes.html#StaticLoggerBinder for further details.
]]></system-err>
  </testcase>
  <testcase name="ShouldBeAbleToCreatePlaylist2" classname="com.spotify.oauth2.tests.PlaylistTests" time="4.43"/>
  <testcase name="ShouldBeAbleToCreatePlaylist1" classname="com.spotify.oauth2.tests.PlaylistTests" time="4.43"/>
  <testcase name="ShouldBeAbleToCreatePlaylist1" classname="com.spotify.oauth2.tests.PlaylistCheckTests" time="4.43"/>
  <testcase name="ShouldBeAbleToCreatePlaylist" classname="com.spotify.oauth2.tests.PlaylistCheckTests" time="4.43"/>
  <testcase name="ShouldBeAbleToCreatePlaylist2" classname="com.spotify.oauth2.tests.PlaylistCheckTests" time="4.43"/>
</testsuite>