<?xml version="1.0" encoding="UTF-8"?>
<testsuite xmlns:xsi="http://www.w3.org/2001/XMLSchema-instance" xsi:noNamespaceSchemaLocation="https://maven.apache.org/surefire/maven-surefire-plugin/xsd/surefire-test-report-3.0.xsd" version="3.0" name="com.spotify.oauth2.tests.PlaylistTests" time="5.945" tests="3" errors="0" skipped="0" failures="0">
  <properties>
[...]
</properties>
  <testcase name="ShouldBeAbleToCreatePlaylist1" classname="com.spotify.oauth2.tests.PlaylistTests" time="4.789">
    <system-out><![CDATA[Starting Test: ShouldBeAbleToCreatePlaylist2
Starting Test: ShouldBeAbleToCreatePlaylist
Starting Test: ShouldBeAbleToCreatePlaylist1
Thread Id is: 15
Thread Id is: 16
Thread Id is: 14
RENEWING TOKEN.....
Request method:	POST
Request URI:	https://accounts.spotify.com/api/token
Proxy:			<none>
Request params:	<none>
Query params:	<none>
Form params:	refresh_token=AQD-zDpiXhGOFVdeYICq3u3O2deDuyYWOIQbZO-SrJpTo1gZg8hzj62Q3-dzOPcXb_xgTg0WyTwA-ZLMd9yrsHvcyp33B341Cpsl9KUPJn4GfUGW11rXZ-aSRM2S_VxZPZk
				grant_type=refresh_token
				client_secret=8c177ce92f4f40e38f7e67e464a6dd2f
				client_id=7e7a366cdf48437cbce17b330a77874e
Path params:	<none>
Headers:		Accept=*/*
				Content-Type=application/x-www-form-urlencoded; charset=ISO-8859-1
Cookies:		<none>
Multiparts:		<none>
Body:			<none>
HTTP/1.1 200 OK
date: Tue, 25 Jan 2022 13:34:40 GMT
content-type: application/json
vary: Accept-Encoding
set-cookie: __Host-device_id=AQBlEx8Dz85ZefNYyzd0aTfOW8JJ9fK04yzTExq5K5ADeFn-ggZ92WeEClg43QYoNZQodDz6qA6OK9eVDislvjBZAS7ShrM0Uak;Version=1;Path=/;Max-Age=2147483647;Secure;HttpOnly;SameSite=Lax
set-cookie: sp_tr=false;Version=1;Domain=accounts.spotify.com;Path=/;Secure;SameSite=Lax
sp-trace-id: 6010af0f2e61de72
content-encoding: gzip
strict-transport-security: max-age=31536000
x-content-type-options: nosniff
server: envoy
Via: HTTP/2 edgeproxy, 1.1 google
Alt-Svc: clear
Transfer-Encoding: chunked

{
    "access_token": "BQDYkB5zWuBm9cuHlH55gzjEl8DNRmGUOAq4ZcR1sQyEWXGZ8tHA_d82Al5MCmJBiTkaKTMDQP8bClrLdcPqIs0TpvsN95ls-Xq0NjKIX9Ohmy_7pEtpKXDMMeCYu3Fkp7JZ3s4iSKGfGYlznFkb4MndHRztqqiAKI4aSBr-J8ZhbKu2_Yt4LzMPny7UfnHjfj5WLWIycvtPeln-4CvSxl26NZ1_fhacw0rswBDUZFP9",
    "token_type": "Bearer",
    "expires_in": 3600,
    "scope": "playlist-read-private playlist-read-collaborative playlist-modify-private playlist-modify-public"
}
TOKEN IS GOOD TO USE
TOKEN IS GOOD TO USE
Request method:	POST
Request URI:	https://api.spotify.com/v1/users/zyntzzhi99iy1a6aa6a92o78s/playlists
Proxy:			<none>
Request params:	<none>
Query params:	<none>
Form params:	<none>
Path params:	<none>
Headers:		Accept=*/*
				Content-Type=application/json; charset=UTF-8
Cookies:		<none>
Multiparts:		<none>
Body:
{
    "description": "Description9#&Y_+-&&+#&v&K+&&_#",
    "name": "PlaylistRAL_S__f  ",
    "public": false
}
Request method:	POST
Request URI:	https://api.spotify.com/v1/users/zyntzzhi99iy1a6aa6a92o78s/playlists
Proxy:			<none>
Request params:	<none>
Query params:	<none>
Form params:	<none>
Path params:	<none>
Headers:		Accept=*/*
				Content-Type=application/json; charset=UTF-8
Cookies:		<none>
Multiparts:		<none>
Body:
{
    "description": "Description#Q5+&8#&&##@V_##0++_",
    "name": "Playlist5  JHe0__d",
    "public": false
}
Request method:	POST
Request URI:	https://api.spotify.com/v1/users/zyntzzhi99iy1a6aa6a92o78s/playlists
Proxy:			<none>
Request params:	<none>
Query params:	<none>
Form params:	<none>
Path params:	<none>
Headers:		Accept=*/*
				Content-Type=application/json; charset=UTF-8
Cookies:		<none>
Multiparts:		<none>
Body:
{
    "description": "Description_&&#+n#&+#/wF###+&#r",
    "name": "Playlist-bs9 WCc,7",
    "public": false
}
HTTP/1.1 201 Created
content-type: application/json; charset=utf-8
cache-control: private, max-age=0
location: https://api.spotify.com/v1/playlists/0HX9vfTrvD0LpuKv7kV5cY
x-robots-tag: noindex, nofollow
access-control-allow-origin: *
access-control-allow-headers: Accept, App-Platform, Authorization, Content-Type, Origin, Retry-After, Spotify-App-Version, X-Cloud-Trace-Context, client-token, content-access-token
access-control-allow-methods: GET, POST, OPTIONS, PUT, DELETE, PATCH
access-control-allow-credentials: true
access-control-max-age: 604800
content-encoding: gzip
strict-transport-security: max-age=31536000
x-content-type-options: nosniff
date: Tue, 25 Jan 2022 13:34:42 GMT
server: envoy
Via: HTTP/2 edgeproxy, 1.1 google
Alt-Svc: clear
Transfer-Encoding: chunked

{
    "collaborative": false,
    "description": "Description_&&#+n#&+#/wF###+&#r",
    "external_urls": {
        "spotify": "https://open.spotify.com/playlist/0HX9vfTrvD0LpuKv7kV5cY"
    },
    "followers": {
        "href": null,
        "total": 0
    },
    "href": "https://api.spotify.com/v1/playlists/0HX9vfTrvD0LpuKv7kV5cY",
    "id": "0HX9vfTrvD0LpuKv7kV5cY",
    "images": [
        
    ],
    "name": "Playlist-bs9 WCc,7",
    "owner": {
        "display_name": "MPM",
        "external_urls": {
            "spotify": "https://open.spotify.com/user/zyntzzhi99iy1a6aa6a92o78s"
        },
        "href": "https://api.spotify.com/v1/users/zyntzzhi99iy1a6aa6a92o78s",
        "id": "zyntzzhi99iy1a6aa6a92o78s",
        "type": "user",
        "uri": "spotify:user:zyntzzhi99iy1a6aa6a92o78s"
    },
    "primary_color": null,
    "public": false,
    "snapshot_id": "MSxhZDFmMWZkYzRiMGFlOTdhM2RiYTA0YTE3YzgwZWI0NTI5YmJmMjli",
    "tracks": {
        "href": "https://api.spotify.com/v1/playlists/0HX9vfTrvD0LpuKv7kV5cY/tracks",
        "items": [
            
        ],
        "limit": 100,
        "next": null,
        "offset": 0,
        "previous": null,
        "total": 0
    },
    "type": "playlist",
    "uri": "spotify:playlist:0HX9vfTrvD0LpuKv7kV5cY"
}
HTTP/1.1 201 Created
content-type: application/json; charset=utf-8
cache-control: private, max-age=0
location: https://api.spotify.com/v1/playlists/340px6JUu2VWHN74OK1Br8
x-robots-tag: noindex, nofollow
access-control-allow-origin: *
access-control-allow-headers: Accept, App-Platform, Authorization, Content-Type, Origin, Retry-After, Spotify-App-Version, X-Cloud-Trace-Context, client-token, content-access-token
access-control-allow-methods: GET, POST, OPTIONS, PUT, DELETE, PATCH
access-control-allow-credentials: true
access-control-max-age: 604800
content-encoding: gzip
strict-transport-security: max-age=31536000
x-content-type-options: nosniff
date: Tue, 25 Jan 2022 13:34:42 GMT
server: envoy
Via: HTTP/2 edgeproxy, 1.1 google
Alt-Svc: clear
Transfer-Encoding: chunked

{
    "collaborative": false,
    "description": "Description#Q5+&8#&&##@V_##0++_",
    "external_urls": {
        "spotify": "https://open.spotify.com/playlist/340px6JUu2VWHN74OK1Br8"
    },
    "followers": {
        "href": null,
        "total": 0
    },
    "href": "https://api.spotify.com/v1/playlists/340px6JUu2VWHN74OK1Br8",
    "id": "340px6JUu2VWHN74OK1Br8",
    "images": [
        
    ],
    "name": "Playlist5  JHe0__d",
    "owner": {
        "display_name": "MPM",
        "external_urls": {
            "spotify": "https://open.spotify.com/user/zyntzzhi99iy1a6aa6a92o78s"
        },
        "href": "https://api.spotify.com/v1/users/zyntzzhi99iy1a6aa6a92o78s",
        "id": "zyntzzhi99iy1a6aa6a92o78s",
        "type": "user",
        "uri": "spotify:user:zyntzzhi99iy1a6aa6a92o78s"
    },
    "primary_color": null,
    "public": false,
    "snapshot_id": "MSw5MDY5MTI1ZmNmNWI5YzMxNTlhOWMzOWYwNjQyMGI3MDZiZWY2ZDAw",
    "tracks": {
        "href": "https://api.spotify.com/v1/playlists/340px6JUu2VWHN74OK1Br8/tracks",
        "items": [
            
        ],
        "limit": 100,
        "next": null,
        "offset": 0,
        "previous": null,
        "total": 0
    },
    "type": "playlist",
    "uri": "spotify:playlist:340px6JUu2VWHN74OK1Br8"
}
]]></system-out>
    <system-err><![CDATA[SLF4J: Failed to load class "org.slf4j.impl.StaticLoggerBinder".
SLF4J: Defaulting to no-operation (NOP) logger implementation
SLF4J: See http://www.slf4j.org/codes.html#StaticLoggerBinder for further details.
]]></system-err>
  </testcase>
  <testcase name="ShouldBeAbleToCreatePlaylist" classname="com.spotify.oauth2.tests.PlaylistTests" time="4.79"/>
  <testcase name="ShouldBeAbleToCreatePlaylist2" classname="com.spotify.oauth2.tests.PlaylistTests" time="4.807">
    <system-out><![CDATA[HTTP/1.1 201 Created
content-type: application/json; charset=utf-8
cache-control: private, max-age=0
location: https://api.spotify.com/v1/playlists/743vx5PIZkFYYSMtrEz26w
x-robots-tag: noindex, nofollow
access-control-allow-origin: *
access-control-allow-headers: Accept, App-Platform, Authorization, Content-Type, Origin, Retry-After, Spotify-App-Version, X-Cloud-Trace-Context, client-token, content-access-token
access-control-allow-methods: GET, POST, OPTIONS, PUT, DELETE, PATCH
access-control-allow-credentials: true
access-control-max-age: 604800
content-encoding: gzip
strict-transport-security: max-age=31536000
x-content-type-options: nosniff
date: Tue, 25 Jan 2022 13:34:42 GMT
server: envoy
Via: HTTP/2 edgeproxy, 1.1 google
Alt-Svc: clear
Transfer-Encoding: chunked

{
    "collaborative": false,
    "description": "Description9#&Y_+-&&+#&v&K+&&_#",
    "external_urls": {
        "spotify": "https://open.spotify.com/playlist/743vx5PIZkFYYSMtrEz26w"
    },
    "followers": {
        "href": null,
        "total": 0
    },
    "href": "https://api.spotify.com/v1/playlists/743vx5PIZkFYYSMtrEz26w",
    "id": "743vx5PIZkFYYSMtrEz26w",
    "images": [
        
    ],
    "name": "PlaylistRAL_S__f  ",
    "owner": {
        "display_name": "MPM",
        "external_urls": {
            "spotify": "https://open.spotify.com/user/zyntzzhi99iy1a6aa6a92o78s"
        },
        "href": "https://api.spotify.com/v1/users/zyntzzhi99iy1a6aa6a92o78s",
        "id": "zyntzzhi99iy1a6aa6a92o78s",
        "type": "user",
        "uri": "spotify:user:zyntzzhi99iy1a6aa6a92o78s"
    },
    "primary_color": null,
    "public": false,
    "snapshot_id": "MSwwMGVkY2FhMTM2OGUyYWM1NzUxYmRkMThlN2ExNjNiZWM3NmE0ODIx",
    "tracks": {
        "href": "https://api.spotify.com/v1/playlists/743vx5PIZkFYYSMtrEz26w/tracks",
        "items": [
            
        ],
        "limit": 100,
        "next": null,
        "offset": 0,
        "previous": null,
        "total": 0
    },
    "type": "playlist",
    "uri": "spotify:playlist:743vx5PIZkFYYSMtrEz26w"
}
]]></system-out>
  </testcase>
</testsuite>